\BOOKMARK [0][-]{chapter.1}{Introduction}{}% 1
\BOOKMARK [1][-]{section.1.1}{Research Contributions}{chapter.1}% 2
\BOOKMARK [1][-]{section.1.2}{Paper Roadmap}{chapter.1}% 3
\BOOKMARK [0][-]{chapter.2}{Background}{}% 4
\BOOKMARK [0][-]{chapter.3}{Related Work}{}% 5
\BOOKMARK [1][-]{section.3.1}{Complexity Analysis}{chapter.3}% 6
\BOOKMARK [1][-]{section.3.2}{Music Scan \046 Search}{chapter.3}% 7
\BOOKMARK [1][-]{section.3.3}{Music Classification}{chapter.3}% 8
\BOOKMARK [0][-]{chapter.4}{Computational Model for Music Complexity}{}% 9
\BOOKMARK [0][-]{chapter.5}{Proof of Concept}{}% 10
\BOOKMARK [1][-]{section.5.1}{Design Overview}{chapter.5}% 11
\BOOKMARK [1][-]{section.5.2}{Implementation Details}{chapter.5}% 12
\BOOKMARK [0][-]{chapter.6}{Evaluation}{}% 13
\BOOKMARK [1][-]{section.6.1}{Clarinet Complexity Parameterization}{chapter.6}% 14
\BOOKMARK [1][-]{section.6.2}{External Survey}{chapter.6}% 15
\BOOKMARK [1][-]{section.6.3}{Graded Music Pieces for Comparison}{chapter.6}% 16
\BOOKMARK [1][-]{section.6.4}{Optical Character Recognition \(OCR\)}{chapter.6}% 17
\BOOKMARK [0][-]{chapter.7}{Discussion}{}% 18
\BOOKMARK [1][-]{section.7.1}{Manually Graded Pieces and Their Calculated Complexity Scores}{chapter.7}% 19
\BOOKMARK [1][-]{section.7.2}{Matched and OCR Generated MusicXML}{chapter.7}% 20
\BOOKMARK [1][-]{section.7.3}{Website Usability}{chapter.7}% 21
\BOOKMARK [0][-]{chapter.8}{Future Work}{}% 22
\BOOKMARK [1][-]{section.8.1}{Expanding Instrument Complexity Parameters}{chapter.8}% 23
\BOOKMARK [1][-]{section.8.2}{Mapping Separate Parts and Instruments}{chapter.8}% 24
\BOOKMARK [1][-]{section.8.3}{Understanding Complexity Scores}{chapter.8}% 25
\BOOKMARK [1][-]{section.8.4}{Integrating Complexity Scores with Sources}{chapter.8}% 26
\BOOKMARK [1][-]{section.8.5}{Including More Input Formats}{chapter.8}% 27
\BOOKMARK [1][-]{section.8.6}{Measuring Complexity From Physiological Signals}{chapter.8}% 28
\BOOKMARK [0][-]{chapter.9}{Conclusions}{}% 29
\BOOKMARK [0][-]{appendix.A}{External Survey}{}% 30
