This is pdfTeX, Version 3.1415926-2.4-1.40.13 (MiKTeX 2.9 64-bit) (preloaded format=latex 2013.5.14)  2 SEP 2013 15:22
entering extended mode
**sigplanconf.cls
("C:\Users\Ethan\Documents\College\2013-01 Spring\CS 4994\Splash Paper\sigplanconf.cls"
LaTeX2e <2011/06/27>
Babel <v3.8m> and hyphenation patterns for english, afrikaans, ancientgreek, arabic, armenian, assamese, basque, bengali
, bokmal, bulgarian, catalan, coptic, croatian, czech, danish, dutch, esperanto, estonian, farsi, finnish, french, galic
ian, german, german-x-2012-05-30, greek, gujarati, hindi, hungarian, icelandic, indonesian, interlingua, irish, italian,
 kannada, kurmanji, latin, latvian, lithuanian, malayalam, marathi, mongolian, mongolianlmc, monogreek, ngerman, ngerman
-x-2012-05-30, nynorsk, oriya, panjabi, pinyin, polish, portuguese, romanian, russian, sanskrit, serbian, slovak, sloven
ian, spanish, swedish, swissgerman, tamil, telugu, turkish, turkmen, ukenglish, ukrainian, uppersorbian, usenglishmax, w
elsh, loaded.

LaTeX Warning: You have requested package `',
               but the package provides `sigplanconf'.

Package: sigplanconf 2013/07/02 v2.8 ACM SIGPLAN Proceedings

! LaTeX Error: Missing \begin{document}.

See the LaTeX manual or LaTeX Companion for explanation.
Type  H <return>  for immediate help.
 ...                                              
                                                  
l.143 \let \@em
               ptylistp = \@emptydefp
You're in trouble here.  Try typing  <return>  to proceed.
If that doesn't work, type  X <return>  to quit.

Missing character: There is no m in font nullfont!
Missing character: There is no p in font nullfont!
Missing character: There is no t in font nullfont!
Missing character: There is no y in font nullfont!
Missing character: There is no l in font nullfont!
Missing character: There is no i in font nullfont!
Missing character: There is no s in font nullfont!
Missing character: There is no t in font nullfont!
Missing character: There is no p in font nullfont!
Missing character: There is no = in font nullfont!
Missing character: There is no e in font nullfont!
Missing character: There is no e in font nullfont!
Missing character: There is no m in font nullfont!
Missing character: There is no p in font nullfont!
Missing character: There is no t in font nullfont!
Missing character: There is no y in font nullfont!
Missing character: There is no d in font nullfont!
Missing character: There is no e in font nullfont!
Missing character: There is no f in font nullfont!
Missing character: There is no p in font nullfont!

Overfull \hbox (20.0pt too wide) in paragraph at lines 143--144
[][]
 []

! Use of \@ doesn't match its definition.
l.201 \@s
         etflag \@authoryear = \@false
If you say, e.g., `\def\a1{...}', then you must always
put `1' after `\a', since control sequence names are
made up of letters only. The macro here has not been
followed by the required stuff, so I'm ignoring it.


! LaTeX Error: Missing \begin{document}.

See the LaTeX manual or LaTeX Companion for explanation.
Type  H <return>  for immediate help.
 ...                                              
                                                  
l.201 \@se
          tflag \@authoryear = \@false
You're in trouble here.  Try typing  <return>  to proceed.
If that doesn't work, type  X <return>  to quit.

Missing character: There is no e in font nullfont!
Missing character: There is no t in font nullfont!
Missing character: There is no f in font nullfont!
Missing character: There is no l in font nullfont!
Missing character: There is no a in font nullfont!
Missing character: There is no g in font nullfont!
! Use of \@ doesn't match its definition.
l.201 \@setflag \@a
                   uthoryear = \@false
If you say, e.g., `\def\a1{...}', then you must always
put `1' after `\a', since control sequence names are
made up of letters only. The macro here has not been
followed by the required stuff, so I'm ignoring it.

Missing character: There is no u in font nullfont!
Missing character: There is no t in font nullfont!
Missing character: There is no h in font nullfont!
Missing character: There is no o in font nullfont!
Missing character: There is no r in font nullfont!
Missing character: There is no y in font nullfont!
Missing character: There is no e in font nullfont!
Missing character: There is no a in font nullfont!
Missing character: There is no r in font nullfont!
Missing character: There is no = in font nullfont!
! Use of \@ doesn't match its definition.
l.201 \@setflag \@authoryear = \@f
                                  alse
If you say, e.g., `\def\a1{...}', then you must always
put `1' after `\a', since control sequence names are
made up of letters only. The macro here has not been
followed by the required stuff, so I'm ignoring it.

Missing character: There is no a in font nullfont!
Missing character: There is no l in font nullfont!
Missing character: There is no s in font nullfont!
Missing character: There is no e in font nullfont!
! Use of \@ doesn't match its definition.
l.202 \@s
         etflag \@blockstyle = \@false
If you say, e.g., `\def\a1{...}', then you must always
put `1' after `\a', since control sequence names are
made up of letters only. The macro here has not been
followed by the required stuff, so I'm ignoring it.

Missing character: There is no e in font nullfont!
Missing character: There is no t in font nullfont!
Missing character: There is no f in font nullfont!
Missing character: There is no l in font nullfont!
Missing character: There is no a in font nullfont!
Missing character: There is no g in font nullfont!
! Use of \@ doesn't match its definition.
l.202 \@setflag \@b
                   lockstyle = \@false
If you say, e.g., `\def\a1{...}', then you must always
put `1' after `\a', since control sequence names are
made up of letters only. The macro here has not been
followed by the required stuff, so I'm ignoring it.

Missing character: There is no l in font nullfont!
Missing character: There is no o in font nullfont!
Missing character: There is no c in font nullfont!
Missing character: There is no k in font nullfont!
Missing character: There is no s in font nullfont!
Missing character: There is no t in font nullfont!
Missing character: There is no y in font nullfont!
Missing character: There is no l in font nullfont!
Missing character: There is no e in font nullfont!
Missing character: There is no = in font nullfont!
! Use of \@ doesn't match its definition.
l.202 \@setflag \@blockstyle = \@f
                                  alse
If you say, e.g., `\def\a1{...}', then you must always
put `1' after `\a', since control sequence names are
made up of letters only. The macro here has not been
followed by the required stuff, so I'm ignoring it.

Missing character: There is no a in font nullfont!
Missing character: There is no l in font nullfont!
Missing character: There is no s in font nullfont!
Missing character: There is no e in font nullfont!
! Use of \@ doesn't match its definition.
l.203 \@s
         etflag \@copyrightwanted = \@true
If you say, e.g., `\def\a1{...}', then you must always
put `1' after `\a', since control sequence names are
made up of letters only. The macro here has not been
followed by the required stuff, so I'm ignoring it.

Missing character: There is no e in font nullfont!
Missing character: There is no t in font nullfont!
Missing character: There is no f in font nullfont!
Missing character: There is no l in font nullfont!
Missing character: There is no a in font nullfont!
Missing character: There is no g in font nullfont!
! Use of \@ doesn't match its definition.
l.203 \@setflag \@c
                   opyrightwanted = \@true
If you say, e.g., `\def\a1{...}', then you must always
put `1' after `\a', since control sequence names are
made up of letters only. The macro here has not been
followed by the required stuff, so I'm ignoring it.

Missing character: There is no o in font nullfont!
Missing character: There is no p in font nullfont!
Missing character: There is no y in font nullfont!
Missing character: There is no r in font nullfont!
Missing character: There is no i in font nullfont!
Missing character: There is no g in font nullfont!
Missing character: There is no h in font nullfont!
Missing character: There is no t in font nullfont!
Missing character: There is no w in font nullfont!
Missing character: There is no a in font nullfont!
Missing character: There is no n in font nullfont!
Missing character: There is no t in font nullfont!
Missing character: There is no e in font nullfont!
Missing character: There is no d in font nullfont!
Missing character: There is no = in font nullfont!
! Use of \@ doesn't match its definition.
l.203 \@setflag \@copyrightwanted = \@t
                                       rue
If you say, e.g., `\def\a1{...}', then you must always
put `1' after `\a', since control sequence names are
made up of letters only. The macro here has not been
followed by the required stuff, so I'm ignoring it.

Missing character: There is no r in font nullfont!
Missing character: There is no u in font nullfont!
Missing character: There is no e in font nullfont!
! Use of \@ doesn't match its definition.
l.204 \@s
         etflag \@explicitsize = \@false
If you say, e.g., `\def\a1{...}', then you must always
put `1' after `\a', since control sequence names are
made up of letters only. The macro here has not been
followed by the required stuff, so I'm ignoring it.

Missing character: There is no e in font nullfont!
Missing character: There is no t in font nullfont!
Missing character: There is no f in font nullfont!
Missing character: There is no l in font nullfont!
Missing character: There is no a in font nullfont!
Missing character: There is no g in font nullfont!
! Use of \@ doesn't match its definition.
l.204 \@setflag \@e
                   xplicitsize = \@false
If you say, e.g., `\def\a1{...}', then you must always
put `1' after `\a', since control sequence names are
made up of letters only. The macro here has not been
followed by the required stuff, so I'm ignoring it.

Missing character: There is no x in font nullfont!
Missing character: There is no p in font nullfont!
Missing character: There is no l in font nullfont!
Missing character: There is no i in font nullfont!
Missing character: There is no c in font nullfont!
Missing character: There is no i in font nullfont!
Missing character: There is no t in font nullfont!
Missing character: There is no s in font nullfont!
Missing character: There is no i in font nullfont!
Missing character: There is no z in font nullfont!
Missing character: There is no e in font nullfont!
Missing character: There is no = in font nullfont!
! Use of \@ doesn't match its definition.
l.204 \@setflag \@explicitsize = \@f
                                    alse
If you say, e.g., `\def\a1{...}', then you must always
put `1' after `\a', since control sequence names are
made up of letters only. The macro here has not been
followed by the required stuff, so I'm ignoring it.

Missing character: There is no a in font nullfont!
Missing character: There is no l in font nullfont!
Missing character: There is no s in font nullfont!
Missing character: There is no e in font nullfont!
! Use of \@ doesn't match its definition.
l.205 \@s
         etflag \@mathtime = \@false
If you say, e.g., `\def\a1{...}', then you must always
put `1' after `\a', since control sequence names are
made up of letters only. The macro here has not been
followed by the required stuff, so I'm ignoring it.

Missing character: There is no e in font nullfont!
Missing character: There is no t in font nullfont!
Missing character: There is no f in font nullfont!
Missing character: There is no l in font nullfont!
Missing character: There is no a in font nullfont!
Missing character: There is no g in font nullfont!
! Use of \@ doesn't match its definition.
l.205 \@setflag \@m
                   athtime = \@false
If you say, e.g., `\def\a1{...}', then you must always
put `1' after `\a', since control sequence names are
made up of letters only. The macro here has not been
followed by the required stuff, so I'm ignoring it.

Missing character: There is no a in font nullfont!
Missing character: There is no t in font nullfont!
Missing character: There is no h in font nullfont!
Missing character: There is no t in font nullfont!
Missing character: There is no i in font nullfont!
Missing character: There is no m in font nullfont!
Missing character: There is no e in font nullfont!
Missing character: There is no = in font nullfont!
! Use of \@ doesn't match its definition.
l.205 \@setflag \@mathtime = \@f
                                alse
If you say, e.g., `\def\a1{...}', then you must always
put `1' after `\a', since control sequence names are
made up of letters only. The macro here has not been
followed by the required stuff, so I'm ignoring it.

Missing character: There is no a in font nullfont!
Missing character: There is no l in font nullfont!
Missing character: There is no s in font nullfont!
Missing character: There is no e in font nullfont!
! Use of \@ doesn't match its definition.
l.206 \@s
         etflag \@natbib = \@true
If you say, e.g., `\def\a1{...}', then you must always
put `1' after `\a', since control sequence names are
made up of letters only. The macro here has not been
followed by the required stuff, so I'm ignoring it.

Missing character: There is no e in font nullfont!
Missing character: There is no t in font nullfont!
Missing character: There is no f in font nullfont!
Missing character: There is no l in font nullfont!
Missing character: There is no a in font nullfont!
Missing character: There is no g in font nullfont!
! Use of \@ doesn't match its definition.
l.206 \@setflag \@n
                   atbib = \@true
If you say, e.g., `\def\a1{...}', then you must always
put `1' after `\a', since control sequence names are
made up of letters only. The macro here has not been
followed by the required stuff, so I'm ignoring it.

Missing character: There is no a in font nullfont!
Missing character: There is no t in font nullfont!
Missing character: There is no b in font nullfont!
Missing character: There is no i in font nullfont!
Missing character: There is no b in font nullfont!
Missing character: There is no = in font nullfont!
! Use of \@ doesn't match its definition.
l.206 \@setflag \@natbib = \@t
                              rue
If you say, e.g., `\def\a1{...}', then you must always
put `1' after `\a', since control sequence names are
made up of letters only. The macro here has not been
followed by the required stuff, so I'm ignoring it.

Missing character: There is no r in font nullfont!
Missing character: There is no u in font nullfont!
Missing character: There is no e in font nullfont!
! Use of \@ doesn't match its definition.
l.207 \@s
         etflag \@ninepoint = \@true
If you say, e.g., `\def\a1{...}', then you must always
put `1' after `\a', since control sequence names are
made up of letters only. The macro here has not been
followed by the required stuff, so I'm ignoring it.

Missing character: There is no e in font nullfont!
Missing character: There is no t in font nullfont!
Missing character: There is no f in font nullfont!
Missing character: There is no l in font nullfont!
Missing character: There is no a in font nullfont!
Missing character: There is no g in font nullfont!
! Use of \@ doesn't match its definition.
l.207 \@setflag \@n
                   inepoint = \@true
If you say, e.g., `\def\a1{...}', then you must always
put `1' after `\a', since control sequence names are
made up of letters only. The macro here has not been
followed by the required stuff, so I'm ignoring it.

Missing character: There is no i in font nullfont!
Missing character: There is no n in font nullfont!
Missing character: There is no e in font nullfont!
Missing character: There is no p in font nullfont!
Missing character: There is no o in font nullfont!
Missing character: There is no i in font nullfont!
Missing character: There is no n in font nullfont!
Missing character: There is no t in font nullfont!
Missing character: There is no = in font nullfont!
! Use of \@ doesn't match its definition.
l.207 \@setflag \@ninepoint = \@t
                                 rue
If you say, e.g., `\def\a1{...}', then you must always
put `1' after `\a', since control sequence names are
made up of letters only. The macro here has not been
followed by the required stuff, so I'm ignoring it.

Missing character: There is no r in font nullfont!
Missing character: There is no u in font nullfont!
Missing character: There is no e in font nullfont!
! Missing number, treated as zero.
<to be read again> 
                   n
l.208 \newcount{\@numheaddepth}
                                \@numheaddepth = 3
A number should have been here; I inserted `0'.
(If you can't figure out why I needed to see a number,
look up `weird error' in the index to The TeXbook.)

Missing character: There is no n in font nullfont!
Missing character: There is no u in font nullfont!
Missing character: There is no m in font nullfont!
Missing character: There is no h in font nullfont!
Missing character: There is no e in font nullfont!
Missing character: There is no a in font nullfont!
Missing character: There is no d in font nullfont!
Missing character: There is no d in font nullfont!
Missing character: There is no e in font nullfont!
Missing character: There is no p in font nullfont!
Missing character: There is no t in font nullfont!
Missing character: There is no h in font nullfont!
! Missing number, treated as zero.
<to be read again> 
                   \immediate 
l.208 \newcount{\@numheaddepth}
                                \@numheaddepth = 3
A number should have been here; I inserted `0'.
(If you can't figure out why I needed to see a number,
look up `weird error' in the index to The TeXbook.)

\@numheaddepth=\count0
! Missing number, treated as zero.
<to be read again> 
                   n
l.208 \newcount{\@numheaddepth} \@n
                                   umheaddepth = 3
A number should have been here; I inserted `0'.
(If you can't figure out why I needed to see a number,
look up `weird error' in the index to The TeXbook.)

Missing character: There is no n in font nullfont!
Missing character: There is no u in font nullfont!
Missing character: There is no m in font nullfont!
Missing character: There is no h in font nullfont!
Missing character: There is no e in font nullfont!
Missing character: There is no a in font nullfont!
Missing character: There is no d in font nullfont!
Missing character: There is no d in font nullfont!
Missing character: There is no e in font nullfont!
Missing character: There is no p in font nullfont!
Missing character: There is no t in font nullfont!
Missing character: There is no h in font nullfont!
Missing character: There is no = in font nullfont!
Missing character: There is no 3 in font nullfont!
! Missing number, treated as zero.
<to be read again> 
                   s
l.209 \@s
         etflag \@onecolumn = \@false
A number should have been here; I inserted `0'.
(If you can't figure out why I needed to see a number,
look up `weird error' in the index to The TeXbook.)

Missing character: There is no s in font nullfont!
Missing character: There is no e in font nullfont!
Missing character: There is no t in font nullfont!
Missing character: There is no f in font nullfont!
Missing character: There is no l in font nullfont!
Missing character: There is no a in font nullfont!
Missing character: There is no g in font nullfont!
! Missing number, treated as zero.
<to be read again> 
                   o
l.209 \@setflag \@o
                   necolumn = \@false
A number should have been here; I inserted `0'.
(If you can't figure out why I needed to see a number,
look up `weird error' in the index to The TeXbook.)

Missing character: There is no o in font nullfont!
Missing character: There is no n in font nullfont!
Missing character: There is no e in font nullfont!
Missing character: There is no c in font nullfont!
Missing character: There is no o in font nullfont!
Missing character: There is no l in font nullfont!
Missing character: There is no u in font nullfont!
Missing character: There is no m in font nullfont!
Missing character: There is no n in font nullfont!
Missing character: There is no = in font nullfont!
! Missing number, treated as zero.
<to be read again> 
                   f
l.209 \@setflag \@onecolumn = \@f
                                 alse
A number should have been here; I inserted `0'.
(If you can't figure out why I needed to see a number,
look up `weird error' in the index to The TeXbook.)

Missing character: There is no f in font nullfont!
Missing character: There is no a in font nullfont!
Missing character: There is no l in font nullfont!
Missing character: There is no s in font nullfont!
Missing character: There is no e in font nullfont!
! Missing number, treated as zero.
<to be read again> 
                   s
l.210 \@s
         etflag \@preprint = \@false
A number should have been here; I inserted `0'.
(If you can't figure out why I needed to see a number,
look up `weird error' in the index to The TeXbook.)

Missing character: There is no s in font nullfont!
Missing character: There is no e in font nullfont!
Missing character: There is no t in font nullfont!
Missing character: There is no f in font nullfont!
Missing character: There is no l in font nullfont!
Missing character: There is no a in font nullfont!
Missing character: There is no g in font nullfont!
! Missing number, treated as zero.
<to be read again> 
                   p
l.210 \@setflag \@p
                   reprint = \@false
A number should have been here; I inserted `0'.
(If you can't figure out why I needed to see a number,
look up `weird error' in the index to The TeXbook.)

Missing character: There is no p in font nullfont!
Missing character: There is no r in font nullfont!
Missing character: There is no e in font nullfont!
Missing character: There is no p in font nullfont!
Missing character: There is no r in font nullfont!
Missing character: There is no i in font nullfont!
Missing character: There is no n in font nullfont!
Missing character: There is no t in font nullfont!
Missing character: There is no = in font nullfont!
! Missing number, treated as zero.
<to be read again> 
                   f
l.210 \@setflag \@preprint = \@f
                                alse
A number should have been here; I inserted `0'.
(If you can't figure out why I needed to see a number,
look up `weird error' in the index to The TeXbook.)

Missing character: There is no f in font nullfont!
Missing character: There is no a in font nullfont!
Missing character: There is no l in font nullfont!
Missing character: There is no s in font nullfont!
Missing character: There is no e in font nullfont!
! Missing number, treated as zero.
<to be read again> 
                   s
l.211 \@s
         etflag \@reprint = \@false
A number should have been here; I inserted `0'.
(If you can't figure out why I needed to see a number,
look up `weird error' in the index to The TeXbook.)

Missing character: There is no s in font nullfont!
Missing character: There is no e in font nullfont!
Missing character: There is no t in font nullfont!
Missing character: There is no f in font nullfont!
Missing character: There is no l in font nullfont!
Missing character: There is no a in font nullfont!
Missing character: There is no g in font nullfont!
! Missing number, treated as zero.
<to be read again> 
                   r
l.211 \@setflag \@r
                   eprint = \@false
A number should have been here; I inserted `0'.
(If you can't figure out why I needed to see a number,
look up `weird error' in the index to The TeXbook.)

Missing character: There is no r in font nullfont!
Missing character: There is no e in font nullfont!
Missing character: There is no p in font nullfont!
Missing character: There is no r in font nullfont!
Missing character: There is no i in font nullfont!
Missing character: There is no n in font nullfont!
Missing character: There is no t in font nullfont!
Missing character: There is no = in font nullfont!
! Missing number, treated as zero.
<to be read again> 
                   f
l.211 \@setflag \@reprint = \@f
                               alse
A number should have been here; I inserted `0'.
(If you can't figure out why I needed to see a number,
look up `weird error' in the index to The TeXbook.)

Missing character: There is no f in font nullfont!
Missing character: There is no a in font nullfont!
Missing character: There is no l in font nullfont!
Missing character: There is no s in font nullfont!
Missing character: There is no e in font nullfont!
! Missing number, treated as zero.
<to be read again> 
                   s
l.212 \@s
         etflag \@tenpoint = \@false
A number should have been here; I inserted `0'.
(If you can't figure out why I needed to see a number,
look up `weird error' in the index to The TeXbook.)

Missing character: There is no s in font nullfont!
Missing character: There is no e in font nullfont!
Missing character: There is no t in font nullfont!
Missing character: There is no f in font nullfont!
Missing character: There is no l in font nullfont!
Missing character: There is no a in font nullfont!
Missing character: There is no g in font nullfont!
! Missing number, treated as zero.
<to be read again> 
                   t
l.212 \@setflag \@t
                   enpoint = \@false
A number should have been here; I inserted `0'.
(If you can't figure out why I needed to see a number,
look up `weird error' in the index to The TeXbook.)

Missing character: There is no t in font nullfont!
Missing character: There is no e in font nullfont!
Missing character: There is no n in font nullfont!
Missing character: There is no p in font nullfont!
Missing character: There is no o in font nullfont!
Missing character: There is no i in font nullfont!
Missing character: There is no n in font nullfont!
Missing character: There is no t in font nullfont!
Missing character: There is no = in font nullfont!
! Missing number, treated as zero.
<to be read again> 
                   f
l.212 \@setflag \@tenpoint = \@f
                                alse
A number should have been here; I inserted `0'.
(If you can't figure out why I needed to see a number,
look up `weird error' in the index to The TeXbook.)

Missing character: There is no f in font nullfont!
Missing character: There is no a in font nullfont!
Missing character: There is no l in font nullfont!
Missing character: There is no s in font nullfont!
Missing character: There is no e in font nullfont!
! Missing number, treated as zero.
<to be read again> 
                   s
l.213 \@s
         etflag \@times = \@false
A number should have been here; I inserted `0'.
(If you can't figure out why I needed to see a number,
look up `weird error' in the index to The TeXbook.)

Missing character: There is no s in font nullfont!
Missing character: There is no e in font nullfont!
Missing character: There is no t in font nullfont!
Missing character: There is no f in font nullfont!
Missing character: There is no l in font nullfont!
Missing character: There is no a in font nullfont!
Missing character: There is no g in font nullfont!
! Missing number, treated as zero.
<to be read again> 
                   t
l.213 \@setflag \@t
                   imes = \@false
A number should have been here; I inserted `0'.
(If you can't figure out why I needed to see a number,
look up `weird error' in the index to The TeXbook.)

Missing character: There is no t in font nullfont!
Missing character: There is no i in font nullfont!
Missing character: There is no m in font nullfont!
Missing character: There is no e in font nullfont!
Missing character: There is no s in font nullfont!
Missing character: There is no = in font nullfont!
! Missing number, treated as zero.
<to be read again> 
                   f
l.213 \@setflag \@times = \@f
                             alse
A number should have been here; I inserted `0'.
(If you can't figure out why I needed to see a number,
look up `weird error' in the index to The TeXbook.)

Missing character: There is no f in font nullfont!
Missing character: There is no a in font nullfont!
Missing character: There is no l in font nullfont!
Missing character: There is no s in font nullfont!
Missing character: There is no e in font nullfont!

Overfull \hbox (20.0pt too wide) in paragraph at lines 201--214
[][]
 []

! Missing number, treated as zero.
<to be read again> 
                   s
l.283 \ExecuteOptions{9pt,indentedstyle,times}
                                              
A number should have been here; I inserted `0'.
(If you can't figure out why I needed to see a number,
look up `weird error' in the index to The TeXbook.)


! LaTeX Error: Missing \begin{document}.

See the LaTeX manual or LaTeX Companion for explanation.
Type  H <return>  for immediate help.
 ...                                              
                                                  
l.283 \ExecuteOptions{9pt,indentedstyle,times}
                                              
You're in trouble here.  Try typing  <return>  to proceed.
If that doesn't work, type  X <return>  to quit.

Missing character: There is no s in font nullfont!
Missing character: There is no e in font nullfont!
Missing character: There is no t in font nullfont!
Missing character: There is no f in font nullfont!
Missing character: There is no l in font nullfont!
Missing character: There is no a in font nullfont!
Missing character: There is no g in font nullfont!
! Missing number, treated as zero.
<to be read again> 
                   n
l.283 \ExecuteOptions{9pt,indentedstyle,times}
                                              
A number should have been here; I inserted `0'.
(If you can't figure out why I needed to see a number,
look up `weird error' in the index to The TeXbook.)

Missing character: There is no n in font nullfont!
Missing character: There is no i in font nullfont!
Missing character: There is no n in font nullfont!
Missing character: There is no e in font nullfont!
Missing character: There is no p in font nullfont!
Missing character: There is no o in font nullfont!
Missing character: There is no i in font nullfont!
Missing character: There is no n in font nullfont!
Missing character: There is no t in font nullfont!
Missing character: There is no = in font nullfont!
! Missing number, treated as zero.
<to be read again> 
                   t
l.283 \ExecuteOptions{9pt,indentedstyle,times}
                                              
A number should have been here; I inserted `0'.
(If you can't figure out why I needed to see a number,
look up `weird error' in the index to The TeXbook.)

Missing character: There is no t in font nullfont!
Missing character: There is no r in font nullfont!
Missing character: There is no u in font nullfont!
Missing character: There is no e in font nullfont!
! Missing number, treated as zero.
<to be read again> 
                   s
l.283 \ExecuteOptions{9pt,indentedstyle,times}
                                              
A number should have been here; I inserted `0'.
(If you can't figure out why I needed to see a number,
look up `weird error' in the index to The TeXbook.)

Missing character: There is no s in font nullfont!
Missing character: There is no e in font nullfont!
Missing character: There is no t in font nullfont!
Missing character: There is no f in font nullfont!
Missing character: There is no l in font nullfont!
Missing character: There is no a in font nullfont!
Missing character: There is no g in font nullfont!
! Missing number, treated as zero.
<to be read again> 
                   e
l.283 \ExecuteOptions{9pt,indentedstyle,times}
                                              
A number should have been here; I inserted `0'.
(If you can't figure out why I needed to see a number,
look up `weird error' in the index to The TeXbook.)

Missing character: There is no e in font nullfont!
Missing character: There is no x in font nullfont!
Missing character: There is no p in font nullfont!
Missing character: There is no l in font nullfont!
Missing character: There is no i in font nullfont!
Missing character: There is no c in font nullfont!
Missing character: There is no i in font nullfont!
Missing character: There is no t in font nullfont!
Missing character: There is no s in font nullfont!
Missing character: There is no i in font nullfont!
Missing character: There is no z in font nullfont!
Missing character: There is no e in font nullfont!
Missing character: There is no = in font nullfont!
! Missing number, treated as zero.
<to be read again> 
                   t
l.283 \ExecuteOptions{9pt,indentedstyle,times}
                                              
A number should have been here; I inserted `0'.
(If you can't figure out why I needed to see a number,
look up `weird error' in the index to The TeXbook.)

Missing character: There is no t in font nullfont!
Missing character: There is no r in font nullfont!
Missing character: There is no u in font nullfont!
Missing character: There is no e in font nullfont!
! Missing number, treated as zero.
<to be read again> 
                   s
l.283 \ExecuteOptions{9pt,indentedstyle,times}
                                              
A number should have been here; I inserted `0'.
(If you can't figure out why I needed to see a number,
look up `weird error' in the index to The TeXbook.)

Missing character: There is no s in font nullfont!
Missing character: There is no e in font nullfont!
Missing character: There is no t in font nullfont!
Missing character: There is no f in font nullfont!
Missing character: There is no l in font nullfont!
Missing character: There is no a in font nullfont!
Missing character: There is no g in font nullfont!
! Missing number, treated as zero.
<to be read again> 
                   b
l.283 \ExecuteOptions{9pt,indentedstyle,times}
                                              
A number should have been here; I inserted `0'.
(If you can't figure out why I needed to see a number,
look up `weird error' in the index to The TeXbook.)

Missing character: There is no b in font nullfont!
Missing character: There is no l in font nullfont!
Missing character: There is no o in font nullfont!
Missing character: There is no c in font nullfont!
Missing character: There is no k in font nullfont!
Missing character: There is no s in font nullfont!
Missing character: There is no t in font nullfont!
Missing character: There is no y in font nullfont!
Missing character: There is no l in font nullfont!
Missing character: There is no e in font nullfont!
Missing character: There is no = in font nullfont!
! Missing number, treated as zero.
<to be read again> 
                   f
l.283 \ExecuteOptions{9pt,indentedstyle,times}
                                              
A number should have been here; I inserted `0'.
(If you can't figure out why I needed to see a number,
look up `weird error' in the index to The TeXbook.)

Missing character: There is no f in font nullfont!
Missing character: There is no a in font nullfont!
Missing character: There is no l in font nullfont!
Missing character: There is no s in font nullfont!
Missing character: There is no e in font nullfont!
! Missing number, treated as zero.
<to be read again> 
                   s
l.283 \ExecuteOptions{9pt,indentedstyle,times}
                                              
A number should have been here; I inserted `0'.
(If you can't figure out why I needed to see a number,
look up `weird error' in the index to The TeXbook.)

Missing character: There is no s in font nullfont!
Missing character: There is no e in font nullfont!
Missing character: There is no t in font nullfont!
Missing character: There is no f in font nullfont!
Missing character: There is no l in font nullfont!
Missing character: There is no a in font nullfont!
Missing character: There is no g in font nullfont!
! Missing number, treated as zero.
<to be read again> 
                   t
l.283 \ExecuteOptions{9pt,indentedstyle,times}
                                              
A number should have been here; I inserted `0'.
(If you can't figure out why I needed to see a number,
look up `weird error' in the index to The TeXbook.)

Missing character: There is no t in font nullfont!
Missing character: There is no i in font nullfont!
Missing character: There is no m in font nullfont!
Missing character: There is no e in font nullfont!
Missing character: There is no s in font nullfont!
Missing character: There is no = in font nullfont!
! Missing number, treated as zero.
<to be read again> 
                   t
l.283 \ExecuteOptions{9pt,indentedstyle,times}
                                              
A number should have been here; I inserted `0'.
(If you can't figure out why I needed to see a number,
look up `weird error' in the index to The TeXbook.)

Missing character: There is no t in font nullfont!
Missing character: There is no r in font nullfont!
Missing character: There is no u in font nullfont!
Missing character: There is no e in font nullfont!
! Missing number, treated as zero.
<to be read again> 
                   s
l.284 \@s
         etflag \@explicitsize = \@false
A number should have been here; I inserted `0'.
(If you can't figure out why I needed to see a number,
look up `weird error' in the index to The TeXbook.)

Missing character: There is no s in font nullfont!
Missing character: There is no e in font nullfont!
Missing character: There is no t in font nullfont!
Missing character: There is no f in font nullfont!
Missing character: There is no l in font nullfont!
Missing character: There is no a in font nullfont!
Missing character: There is no g in font nullfont!
! Missing number, treated as zero.
<to be read again> 
                   e
l.284 \@setflag \@e
                   xplicitsize = \@false
A number should have been here; I inserted `0'.
(If you can't figure out why I needed to see a number,
look up `weird error' in the index to The TeXbook.)

Missing character: There is no e in font nullfont!
Missing character: There is no x in font nullfont!
Missing character: There is no p in font nullfont!
Missing character: There is no l in font nullfont!
Missing character: There is no i in font nullfont!
Missing character: There is no c in font nullfont!
Missing character: There is no i in font nullfont!
Missing character: There is no t in font nullfont!
Missing character: There is no s in font nullfont!
Missing character: There is no i in font nullfont!
Missing character: There is no z in font nullfont!
Missing character: There is no e in font nullfont!
Missing character: There is no = in font nullfont!
! Missing number, treated as zero.
<to be read again> 
                   f
l.284 \@setflag \@explicitsize = \@f
                                    alse
A number should have been here; I inserted `0'.
(If you can't figure out why I needed to see a number,
look up `weird error' in the index to The TeXbook.)

Missing character: There is no f in font nullfont!
Missing character: There is no a in font nullfont!
Missing character: There is no l in font nullfont!
Missing character: There is no s in font nullfont!
Missing character: There is no e in font nullfont!

Overfull \hbox (20.0pt too wide) in paragraph at lines 283--286
[][]
 []

("C:\Program Files\MiKTeX 2.9\tex\latex\base\article.cls"
Document Class: article 2007/10/19 v1.4h Standard LaTeX document class
("C:\Program Files\MiKTeX 2.9\tex\latex\base\size10.clo"
File: size10.clo 2007/10/19 v1.4h Standard LaTeX file (size option)
)
\c@part=\count80
\c@section=\count81
\c@subsection=\count82
\c@subsubsection=\count83
\c@paragraph=\count84
\c@subparagraph=\count85
\c@figure=\count86
\c@table=\count87
\abovecaptionskip=\skip41
\belowcaptionskip=\skip42
\bibindent=\dimen102
 [1

])
! Use of \@ doesn't match its definition.
l.329 \if \@o
             necolumn
If you say, e.g., `\def\a1{...}', then you must always
put `1' after `\a', since control sequence names are
made up of letters only. The macro here has not been
followed by the required stuff, so I'm ignoring it.

\standardtextwidth=\dimen103
! Use of \@ doesn't match its definition.
l.342 \if \@o
             necolumn
If you say, e.g., `\def\a1{...}', then you must always
put `1' after `\a', since control sequence names are
made up of letters only. The macro here has not been
followed by the required stuff, so I'm ignoring it.

! Use of \@ doesn't match its definition.
l.358 \if \@b
             lockstyle
If you say, e.g., `\def\a1{...}', then you must always
put `1' after `\a', since control sequence names are
made up of letters only. The macro here has not been
followed by the required stuff, so I'm ignoring it.

\standardvspace=\skip43

! LaTeX Error: Missing \begin{document}.

See the LaTeX manual or LaTeX Companion for explanation.
Type  H <return>  for immediate help.
 ...                                              
                                                  
l.395 \renewcommand{\@makefntext}
                                 [1]{%
You're in trouble here.  Try typing  <return>  to proceed.
If that doesn't work, type  X <return>  to quit.

! You can't use `macro parameter character #' in horizontal mode.
l.396   \noindent \@makefnmark \hspace{1pt}#
                                            1}
Sorry, but I'm not programmed to handle this case;
I'll just pretend that you didn't ask for it.
If you're in the wrong mode, you might be able to
return to the right one by typing `I}' or `I$' or `I\par'.


! LaTeX Error: Missing \begin{document}.

See the LaTeX manual or LaTeX Companion for explanation.
Type  H <return>  for immediate help.
 ...                                              
                                                  
l.404 \renewcommand{\fps@figure}
                                {tp}
You're in trouble here.  Try typing  <return>  to proceed.
If that doesn't work, type  X <return>  to quit.


! LaTeX Error: Missing \begin{document}.

See the LaTeX manual or LaTeX Companion for explanation.
Type  H <return>  for immediate help.
 ...                                              
                                                  
\GenericError  ...                                
                                                  \endgroup 
<inserted text> 
                \special {src:545C:/Users/Ethan/Documents/College/2013-01 Sp...
<to be read again> 
                   m
l.545 \@
        setflag \@firstcategory = \@true
You're in trouble here.  Try typing  <return>  to proceed.
If that doesn't work, type  X <return>  to quit.

! Use of \@ doesn't match its definition.
l.728 \@s
         etflag \@caprule = \@true
If you say, e.g., `\def\a1{...}', then you must always
put `1' after `\a', since control sequence names are
made up of letters only. The macro here has not been
followed by the required stuff, so I'm ignoring it.


! LaTeX Error: Missing \begin{document}.

See the LaTeX manual or LaTeX Companion for explanation.
Type  H <return>  for immediate help.
 ...                                              
                                                  
\GenericError  ...                                
                                                  \endgroup 
<inserted text> 
                \special {src:728C:/Users/Ethan/Documents/College/2013-01 Sp...
<to be read again> 
                   e
l.728 \@se
          tflag \@caprule = \@true
You're in trouble here.  Try typing  <return>  to proceed.
If that doesn't work, type  X <return>  to quit.

! Use of \@ doesn't match its definition.
l.728 \@setflag \@c
                   aprule = \@true
If you say, e.g., `\def\a1{...}', then you must always
put `1' after `\a', since control sequence names are
made up of letters only. The macro here has not been
followed by the required stuff, so I'm ignoring it.

! Use of \@ doesn't match its definition.
l.728 \@setflag \@caprule = \@t
                               rue
If you say, e.g., `\def\a1{...}', then you must always
put `1' after `\a', since control sequence names are
made up of letters only. The macro here has not been
followed by the required stuff, so I'm ignoring it.

! Use of \@ doesn't match its definition.
<argument> ... \csname c@secnumdepth\endcsname \@n
                                                  umheaddepth\relax 
\@secondoftwo #1#2->#2
                      
l.753 \setcounter{secnumdepth}{\@numheaddepth}
                                              
If you say, e.g., `\def\a1{...}', then you must always
put `1' after `\a', since control sequence names are
made up of letters only. The macro here has not been
followed by the required stuff, so I'm ignoring it.

! Missing number, treated as zero.
<to be read again> 
                   u
<argument> ...\csname c@secnumdepth\endcsname \@nu
                                                  mheaddepth\relax 
\@secondoftwo #1#2->#2
                      
l.753 \setcounter{secnumdepth}{\@numheaddepth}
                                              
A number should have been here; I inserted `0'.
(If you can't figure out why I needed to see a number,
look up `weird error' in the index to The TeXbook.)


! LaTeX Error: Missing \begin{document}.

See the LaTeX manual or LaTeX Companion for explanation.
Type  H <return>  for immediate help.
 ...                                              
                                                  
\GenericError  ...                                
                                                  \endgroup 
<inserted text> 
                \special {src:753C:/Users/Ethan/Documents/College/2013-01 Sp...
<to be read again> 
                   u
<argument> ...\csname c@secnumdepth\endcsname \@nu
                                                  mheaddepth\relax 
\@secondoftwo #1#2->#2
                      
l.753 \setcounter{secnumdepth}{\@numheaddepth}
                                              
You're in trouble here.  Try typing  <return>  to proceed.
If that doesn't work, type  X <return>  to quit.

! Missing number, treated as zero.
<to be read again> 
                   s
<argument> \@s
              ectionaboveskip
\alloc@ ...allocationnumber \count 1#1\global #3#5
                                                  \allocationnumber \wlog {\...
l.755 \newskip{\@sectionaboveskip}
                                  
A number should have been here; I inserted `0'.
(If you can't figure out why I needed to see a number,
look up `weird error' in the index to The TeXbook.)


! LaTeX Error: Missing \begin{document}.

See the LaTeX manual or LaTeX Companion for explanation.
Type  H <return>  for immediate help.
 ...                                              
                                                  
\GenericError  ...                                
                                                  \endgroup 
<inserted text> 
                \special {src:755C:/Users/Ethan/Documents/College/2013-01 Sp...
<to be read again> 
                   s
<argument> \@s
              ectionaboveskip
\alloc@ ...allocationnumber \count 1#1\global #3#5
                                                  \allocationnumber \wlog {\...
l.755 \newskip{\@sectionaboveskip}
                                  
You're in trouble here.  Try typing  <return>  to proceed.
If that doesn't work, type  X <return>  to quit.

! Missing number, treated as zero.
<to be read again> 
                   \immediate 
\wlog ->\immediate 
                   \write \m@ne 
\alloc@ ...1#1\global #3#5\allocationnumber \wlog 
                                                  {\string #5=\string #2\the...
l.755 \newskip{\@sectionaboveskip}
                                  
A number should have been here; I inserted `0'.
(If you can't figure out why I needed to see a number,
look up `weird error' in the index to The TeXbook.)

\@sectionaboveskip=\skip0
! Missing number, treated as zero.
<to be read again> 
                   s
<argument> \@s
              ectionaboveskip
\setvspace #1#2->#1
                    = #2 \advance #1 by -1\parskip 
l.756 ...ectionaboveskip}{10pt plus 3pt minus 2pt}
                                                  
A number should have been here; I inserted `0'.
(If you can't figure out why I needed to see a number,
look up `weird error' in the index to The TeXbook.)

! Illegal unit of measure (pt inserted).
<to be read again> 
                   s
<to be read again> 
                   e
<argument> \@se
               ctionaboveskip
\setvspace #1#2->#1
                    = #2 \advance #1 by -1\parskip 
l.756 ...ectionaboveskip}{10pt plus 3pt minus 2pt}
                                                  
Dimensions can be in units of em, ex, in, pt, pc,
cm, mm, dd, cc, nd, nc, bp, or sp; but yours is a new one!
I'll assume that you meant to say pt, for printer's points.
To recover gracefully from this error, it's best to
delete the erroneous units; e.g., type `2' to delete
two letters. (See Chapter 27 of The TeXbook.)

! Missing number, treated as zero.
<to be read again> 
                   s
<argument> \@s
              ectionaboveskip
\setvspace #1#2->#1 = #2 \advance #1
                                     by -1\parskip 
l.756 ...ectionaboveskip}{10pt plus 3pt minus 2pt}
                                                  
A number should have been here; I inserted `0'.
(If you can't figure out why I needed to see a number,
look up `weird error' in the index to The TeXbook.)

! Illegal unit of measure (pt inserted).
<to be read again> 
                   s
<to be read again> 
                   e
<argument> \@se
               ctionaboveskip
\setvspace #1#2->#1 = #2 \advance #1
                                     by -1\parskip 
l.756 ...ectionaboveskip}{10pt plus 3pt minus 2pt}
                                                  
Dimensions can be in units of em, ex, in, pt, pc,
cm, mm, dd, cc, nd, nc, bp, or sp; but yours is a new one!
I'll assume that you meant to say pt, for printer's points.
To recover gracefully from this error, it's best to
delete the erroneous units; e.g., type `2' to delete
two letters. (See Chapter 27 of The TeXbook.)

! Missing number, treated as zero.
<to be read again> 
                   \par 
l.757 
      
A number should have been here; I inserted `0'.
(If you can't figure out why I needed to see a number,
look up `weird error' in the index to The TeXbook.)

! Illegal unit of measure (pt inserted).
<to be read again> 
                   \par 
l.757 
      
Dimensions can be in units of em, ex, in, pt, pc,
cm, mm, dd, cc, nd, nc, bp, or sp; but yours is a new one!
I'll assume that you meant to say pt, for printer's points.
To recover gracefully from this error, it's best to
delete the erroneous units; e.g., type `2' to delete
two letters. (See Chapter 27 of The TeXbook.)

! Missing number, treated as zero.
<to be read again> 
                   s
<argument> \@s
              ectionbelowskip
\alloc@ ...allocationnumber \count 1#1\global #3#5
                                                  \allocationnumber \wlog {\...
l.758 \newskip{\@sectionbelowskip}
                                  
A number should have been here; I inserted `0'.
(If you can't figure out why I needed to see a number,
look up `weird error' in the index to The TeXbook.)


! LaTeX Error: Missing \begin{document}.

See the LaTeX manual or LaTeX Companion for explanation.
Type  H <return>  for immediate help.
 ...                                              
                                                  
\GenericError  ...                                
                                                  \endgroup 
<inserted text> 
                \special {src:758C:/Users/Ethan/Documents/College/2013-01 Sp...
<to be read again> 
                   s
<argument> \@s
              ectionbelowskip
\alloc@ ...allocationnumber \count 1#1\global #3#5
                                                  \allocationnumber \wlog {\...
l.758 \newskip{\@sectionbelowskip}
                                  
You're in trouble here.  Try typing  <return>  to proceed.
If that doesn't work, type  X <return>  to quit.

! Missing number, treated as zero.
<to be read again> 
                   \immediate 
\wlog ->\immediate 
                   \write \m@ne 
\alloc@ ...1#1\global #3#5\allocationnumber \wlog 
                                                  {\string #5=\string #2\the...
l.758 \newskip{\@sectionbelowskip}
                                  
A number should have been here; I inserted `0'.
(If you can't figure out why I needed to see a number,
look up `weird error' in the index to The TeXbook.)

\@sectionbelowskip=\skip0
! Missing number, treated as zero.
<to be read again> 
                   s
<argument> \@s
              ectionbelowskip
\setlength #1#2->#1
                   #2\relax 
l.762   \setlength{\@sectionbelowskip}{4pt}
                                           %
A number should have been here; I inserted `0'.
(If you can't figure out why I needed to see a number,
look up `weird error' in the index to The TeXbook.)

! Illegal unit of measure (pt inserted).
<to be read again> 
                   s
<to be read again> 
                   e
<argument> \@se
               ctionbelowskip
\setlength #1#2->#1
                   #2\relax 
l.762   \setlength{\@sectionbelowskip}{4pt}
                                           %
Dimensions can be in units of em, ex, in, pt, pc,
cm, mm, dd, cc, nd, nc, bp, or sp; but yours is a new one!
I'll assume that you meant to say pt, for printer's points.
To recover gracefully from this error, it's best to
delete the erroneous units; e.g., type `2' to delete
two letters. (See Chapter 27 of The TeXbook.)

! Missing number, treated as zero.
<to be read again> 
                   s
<argument> \@s
              ubsectionaboveskip
\alloc@ ...allocationnumber \count 1#1\global #3#5
                                                  \allocationnumber \wlog {\...
l.774 \newskip{\@subsectionaboveskip}
                                     
A number should have been here; I inserted `0'.
(If you can't figure out why I needed to see a number,
look up `weird error' in the index to The TeXbook.)


! LaTeX Error: Missing \begin{document}.

See the LaTeX manual or LaTeX Companion for explanation.
Type  H <return>  for immediate help.
 ...                                              
                                                  
\GenericError  ...                                
                                                  \endgroup 
<inserted text> 
                \special {src:774C:/Users/Ethan/Documents/College/2013-01 Sp...
<to be read again> 
                   s
<argument> \@s
              ubsectionaboveskip
\alloc@ ...allocationnumber \count 1#1\global #3#5
                                                  \allocationnumber \wlog {\...
l.774 \newskip{\@subsectionaboveskip}
                                     
You're in trouble here.  Try typing  <return>  to proceed.
If that doesn't work, type  X <return>  to quit.

! Missing number, treated as zero.
<to be read again> 
                   \immediate 
\wlog ->\immediate 
                   \write \m@ne 
\alloc@ ...1#1\global #3#5\allocationnumber \wlog 
                                                  {\string #5=\string #2\the...
l.774 \newskip{\@subsectionaboveskip}
                                     
A number should have been here; I inserted `0'.
(If you can't figure out why I needed to see a number,
look up `weird error' in the index to The TeXbook.)

\@subsectionaboveskip=\skip0
! Missing number, treated as zero.
<to be read again> 
                   s
<argument> \@s
              ubsectionaboveskip
\setvspace #1#2->#1
                    = #2 \advance #1 by -1\parskip 
l.775 ...sectionaboveskip}{8pt plus 2pt minus 2pt}
                                                  
A number should have been here; I inserted `0'.
(If you can't figure out why I needed to see a number,
look up `weird error' in the index to The TeXbook.)

! Illegal unit of measure (pt inserted).
<to be read again> 
                   s
<to be read again> 
                   u
<argument> \@su
               bsectionaboveskip
\setvspace #1#2->#1
                    = #2 \advance #1 by -1\parskip 
l.775 ...sectionaboveskip}{8pt plus 2pt minus 2pt}
                                                  
Dimensions can be in units of em, ex, in, pt, pc,
cm, mm, dd, cc, nd, nc, bp, or sp; but yours is a new one!
I'll assume that you meant to say pt, for printer's points.
To recover gracefully from this error, it's best to
delete the erroneous units; e.g., type `2' to delete
two letters. (See Chapter 27 of The TeXbook.)

! Missing number, treated as zero.
<to be read again> 
                   s
<argument> \@s
              ubsectionaboveskip
\setvspace #1#2->#1 = #2 \advance #1
                                     by -1\parskip 
l.775 ...sectionaboveskip}{8pt plus 2pt minus 2pt}
                                                  
A number should have been here; I inserted `0'.
(If you can't figure out why I needed to see a number,
look up `weird error' in the index to The TeXbook.)

! Illegal unit of measure (pt inserted).
<to be read again> 
                   s
<to be read again> 
                   u
<argument> \@su
               bsectionaboveskip
\setvspace #1#2->#1 = #2 \advance #1
                                     by -1\parskip 
l.775 ...sectionaboveskip}{8pt plus 2pt minus 2pt}
                                                  
Dimensions can be in units of em, ex, in, pt, pc,
cm, mm, dd, cc, nd, nc, bp, or sp; but yours is a new one!
I'll assume that you meant to say pt, for printer's points.
To recover gracefully from this error, it's best to
delete the erroneous units; e.g., type `2' to delete
two letters. (See Chapter 27 of The TeXbook.)

! Missing number, treated as zero.
<to be read again> 
                   \par 
l.776 
      
A number should have been here; I inserted `0'.
(If you can't figure out why I needed to see a number,
look up `weird error' in the index to The TeXbook.)

! Illegal unit of measure (pt inserted).
<to be read again> 
                   \par 
l.776 
      
Dimensions can be in units of em, ex, in, pt, pc,
cm, mm, dd, cc, nd, nc, bp, or sp; but yours is a new one!
I'll assume that you meant to say pt, for printer's points.
To recover gracefully from this error, it's best to
delete the erroneous units; e.g., type `2' to delete
two letters. (See Chapter 27 of The TeXbook.)

! Missing number, treated as zero.
<to be read again> 
                   s
<argument> \@s
              ubsectionbelowskip
\alloc@ ...allocationnumber \count 1#1\global #3#5
                                                  \allocationnumber \wlog {\...
l.777 \newskip{\@subsectionbelowskip}
                                     
A number should have been here; I inserted `0'.
(If you can't figure out why I needed to see a number,
look up `weird error' in the index to The TeXbook.)


! LaTeX Error: Missing \begin{document}.

See the LaTeX manual or LaTeX Companion for explanation.
Type  H <return>  for immediate help.
 ...                                              
                                                  
\GenericError  ...                                
                                                  \endgroup 
<inserted text> 
                \special {src:777C:/Users/Ethan/Documents/College/2013-01 Sp...
<to be read again> 
                   s
<argument> \@s
              ubsectionbelowskip
\alloc@ ...allocationnumber \count 1#1\global #3#5
                                                  \allocationnumber \wlog {\...
l.777 \newskip{\@subsectionbelowskip}
                                     
You're in trouble here.  Try typing  <return>  to proceed.
If that doesn't work, type  X <return>  to quit.

! Missing number, treated as zero.
<to be read again> 
                   \immediate 
\wlog ->\immediate 
                   \write \m@ne 
\alloc@ ...1#1\global #3#5\allocationnumber \wlog 
                                                  {\string #5=\string #2\the...
l.777 \newskip{\@subsectionbelowskip}
                                     
A number should have been here; I inserted `0'.
(If you can't figure out why I needed to see a number,
look up `weird error' in the index to The TeXbook.)

\@subsectionbelowskip=\skip0
! Missing number, treated as zero.
<to be read again> 
                   s
<argument> \@s
              ubsectionbelowskip
\setlength #1#2->#1
                   #2\relax 
l.781   \setlength{\@subsectionbelowskip}{4pt}
                                              %
A number should have been here; I inserted `0'.
(If you can't figure out why I needed to see a number,
look up `weird error' in the index to The TeXbook.)

! Illegal unit of measure (pt inserted).
<to be read again> 
                   s
<to be read again> 
                   u
<argument> \@su
               bsectionbelowskip
\setlength #1#2->#1
                   #2\relax 
l.781   \setlength{\@subsectionbelowskip}{4pt}
                                              %
Dimensions can be in units of em, ex, in, pt, pc,
cm, mm, dd, cc, nd, nc, bp, or sp; but yours is a new one!
I'll assume that you meant to say pt, for printer's points.
To recover gracefully from this error, it's best to
delete the erroneous units; e.g., type `2' to delete
two letters. (See Chapter 27 of The TeXbook.)

! Missing number, treated as zero.
<to be read again> 
                   p
<argument> \@p
              aragraphaboveskip
\alloc@ ...allocationnumber \count 1#1\global #3#5
                                                  \allocationnumber \wlog {\...
l.802 \newskip{\@paragraphaboveskip}
                                    
A number should have been here; I inserted `0'.
(If you can't figure out why I needed to see a number,
look up `weird error' in the index to The TeXbook.)


! LaTeX Error: Missing \begin{document}.

See the LaTeX manual or LaTeX Companion for explanation.
Type  H <return>  for immediate help.
 ...                                              
                                                  
\GenericError  ...                                
                                                  \endgroup 
<inserted text> 
                \special {src:802C:/Users/Ethan/Documents/College/2013-01 Sp...
<to be read again> 
                   p
<argument> \@p
              aragraphaboveskip
\alloc@ ...allocationnumber \count 1#1\global #3#5
                                                  \allocationnumber \wlog {\...
l.802 \newskip{\@paragraphaboveskip}
                                    
You're in trouble here.  Try typing  <return>  to proceed.
If that doesn't work, type  X <return>  to quit.

! Missing number, treated as zero.
<to be read again> 
                   \immediate 
\wlog ->\immediate 
                   \write \m@ne 
\alloc@ ...1#1\global #3#5\allocationnumber \wlog 
                                                  {\string #5=\string #2\the...
l.802 \newskip{\@paragraphaboveskip}
                                    
A number should have been here; I inserted `0'.
(If you can't figure out why I needed to see a number,
look up `weird error' in the index to The TeXbook.)

\@paragraphaboveskip=\skip0
! Missing number, treated as zero.
<to be read again> 
                   p
<argument> \@p
              aragraphaboveskip
\setvspace #1#2->#1
                    = #2 \advance #1 by -1\parskip 
l.803 ...ragraphaboveskip}{6pt plus 2pt minus 2pt}
                                                  
A number should have been here; I inserted `0'.
(If you can't figure out why I needed to see a number,
look up `weird error' in the index to The TeXbook.)

! Illegal unit of measure (pt inserted).
<to be read again> 
                   p
<to be read again> 
                   a
<argument> \@pa
               ragraphaboveskip
\setvspace #1#2->#1
                    = #2 \advance #1 by -1\parskip 
l.803 ...ragraphaboveskip}{6pt plus 2pt minus 2pt}
                                                  
Dimensions can be in units of em, ex, in, pt, pc,
cm, mm, dd, cc, nd, nc, bp, or sp; but yours is a new one!
I'll assume that you meant to say pt, for printer's points.
To recover gracefully from this error, it's best to
delete the erroneous units; e.g., type `2' to delete
two letters. (See Chapter 27 of The TeXbook.)

! Missing number, treated as zero.
<to be read again> 
                   p
<argument> \@p
              aragraphaboveskip
\setvspace #1#2->#1 = #2 \advance #1
                                     by -1\parskip 
l.803 ...ragraphaboveskip}{6pt plus 2pt minus 2pt}
                                                  
A number should have been here; I inserted `0'.
(If you can't figure out why I needed to see a number,
look up `weird error' in the index to The TeXbook.)

! Illegal unit of measure (pt inserted).
<to be read again> 
                   p
<to be read again> 
                   a
<argument> \@pa
               ragraphaboveskip
\setvspace #1#2->#1 = #2 \advance #1
                                     by -1\parskip 
l.803 ...ragraphaboveskip}{6pt plus 2pt minus 2pt}
                                                  
Dimensions can be in units of em, ex, in, pt, pc,
cm, mm, dd, cc, nd, nc, bp, or sp; but yours is a new one!
I'll assume that you meant to say pt, for printer's points.
To recover gracefully from this error, it's best to
delete the erroneous units; e.g., type `2' to delete
two letters. (See Chapter 27 of The TeXbook.)

! Missing number, treated as zero.
<to be read again> 
                   \par 
l.804 
      
A number should have been here; I inserted `0'.
(If you can't figure out why I needed to see a number,
look up `weird error' in the index to The TeXbook.)

! Illegal unit of measure (pt inserted).
<to be read again> 
                   \par 
l.804 
      
Dimensions can be in units of em, ex, in, pt, pc,
cm, mm, dd, cc, nd, nc, bp, or sp; but yours is a new one!
I'll assume that you meant to say pt, for printer's points.
To recover gracefully from this error, it's best to
delete the erroneous units; e.g., type `2' to delete
two letters. (See Chapter 27 of The TeXbook.)


Underfull \hbox (badness 1112) in paragraph at lines 802--804
[][]\OT1/cmr/m/n/10 paragraphaboveskip para-graphaboveskip = 6pt
 []

! Use of \@ doesn't match its definition.
l.873 \if \@b
             lockstyle
If you say, e.g., `\def\a1{...}', then you must always
put `1' after `\a', since control sequence names are
made up of letters only. The macro here has not been
followed by the required stuff, so I'm ignoring it.


! LaTeX Error: Missing \begin{document}.

See the LaTeX manual or LaTeX Companion for explanation.
Type  H <return>  for immediate help.
 ...                                              
                                                  
\GenericError  ...                                
                                                  \endgroup 
<inserted text> 
                \special {src:886C:/Users/Ethan/Documents/College/2013-01 Sp...
<to be read again> 
                   i
<argument> \@li
               sti
\renew@command ...\@rc@ifdefinable \new@command #1
                                                  
l.886 \renewcommand{\@listi}
                            {%
You're in trouble here.  Try typing  <return>  to proceed.
If that doesn't work, type  X <return>  to quit.


! LaTeX Error: Missing \begin{document}.

See the LaTeX manual or LaTeX Companion for explanation.
Type  H <return>  for immediate help.
 ...                                              
                                                  
\GenericError  ...                                
                                                  \endgroup 
<inserted text> 
                \special {src:893C:/Users/Ethan/Documents/College/2013-01 Sp...
<to be read again> 
                   i
l.893 \let \@li
               stI = \@listi
You're in trouble here.  Try typing  <return>  to proceed.
If that doesn't work, type  X <return>  to quit.


! LaTeX Error: Missing \begin{document}.

See the LaTeX manual or LaTeX Companion for explanation.
Type  H <return>  for immediate help.
 ...                                              
                                                  
\GenericError  ...                                
                                                  \endgroup 
<inserted text> 
                \special {src:895C:/Users/Ethan/Documents/College/2013-01 Sp...
<to be read again> 
                   i
<argument> \@li
               stii
\renew@command ...\@rc@ifdefinable \new@command #1
                                                  
l.895 \renewcommand{\@listii}
                             {%
You're in trouble here.  Try typing  <return>  to proceed.
If that doesn't work, type  X <return>  to quit.


! LaTeX Error: Missing \begin{document}.

See the LaTeX manual or LaTeX Companion for explanation.
Type  H <return>  for immediate help.
 ...                                              
                                                  
\GenericError  ...                                
                                                  \endgroup 
<inserted text> 
                \special {src:902C:/Users/Ethan/Documents/College/2013-01 Sp...
<to be read again> 
                   i
<argument> \@li
               stiii
\renew@command ...\@rc@ifdefinable \new@command #1
                                                  
l.902 \renewcommand{\@listiii}
                              {%
You're in trouble here.  Try typing  <return>  to proceed.
If that doesn't work, type  X <return>  to quit.


! LaTeX Error: Missing \begin{document}.

See the LaTeX manual or LaTeX Companion for explanation.
Type  H <return>  for immediate help.
 ...                                              
                                                  
\GenericError  ...                                
                                                  \endgroup 
<inserted text> 
                \special {src:908C:/Users/Ethan/Documents/College/2013-01 Sp...
<to be read again> 
                   i
<argument> \@li
               stiv
\renew@command ...\@rc@ifdefinable \new@command #1
                                                  
l.908 \renewcommand{\@listiv}
                             {%
You're in trouble here.  Try typing  <return>  to proceed.
If that doesn't work, type  X <return>  to quit.

! Use of \@ doesn't match its definition.
l.953 \if \@preprint
                    
If you say, e.g., `\def\a1{...}', then you must always
put `1' after `\a', since control sequence names are
made up of letters only. The macro here has not been
followed by the required stuff, so I'm ignoring it.

! Undefined control sequence.
l.955 \def \ps
              @plain {%
The control sequence at the end of the top line
of your error message was never \def'ed. If you have
misspelled it (e.g., `\hobx'), type `I' and the correct
spelling (e.g., `I\hbox'). Otherwise just continue,
and I'll forget about whatever was undefined.


! LaTeX Error: Missing \begin{document}.

See the LaTeX manual or LaTeX Companion for explanation.
Type  H <return>  for immediate help.
 ...                                              
                                                  
\GenericError  ...                                
                                                  \endgroup 
<inserted text> 
                \special {src:955C:/Users/Ethan/Documents/College/2013-01 Sp...
<to be read again> 
                   @
l.955 \def \ps@
               plain {%
You're in trouble here.  Try typing  <return>  to proceed.
If that doesn't work, type  X <return>  to quit.

! Use of \@ doesn't match its definition.
l.996 \@s
         etflag \@addauthorsdone = \@false
If you say, e.g., `\def\a1{...}', then you must always
put `1' after `\a', since control sequence names are
made up of letters only. The macro here has not been
followed by the required stuff, so I'm ignoring it.


! LaTeX Error: Missing \begin{document}.

See the LaTeX manual or LaTeX Companion for explanation.
Type  H <return>  for immediate help.
 ...                                              
                                                  
\GenericError  ...                                
                                                  \endgroup 
<inserted text> 
                \special {src:996C:/Users/Ethan/Documents/College/2013-01 Sp...
<to be read again> 
                   e
l.996 \@se
          tflag \@addauthorsdone = \@false
You're in trouble here.  Try typing  <return>  to proceed.
If that doesn't work, type  X <return>  to quit.

! Use of \@ doesn't match its definition.
l.996 \@setflag \@a
                   ddauthorsdone = \@false
If you say, e.g., `\def\a1{...}', then you must always
put `1' after `\a', since control sequence names are
made up of letters only. The macro here has not been
followed by the required stuff, so I'm ignoring it.

! Use of \@ doesn't match its definition.
l.996 \@setflag \@addauthorsdone = \@fa
                                       lse
If you say, e.g., `\def\a1{...}', then you must always
put `1' after `\a', since control sequence names are
made up of letters only. The macro here has not been
followed by the required stuff, so I'm ignoring it.

! Missing number, treated as zero.
<to be read again> 
                   a
<argument> \@a
              uthorcount
\alloc@ ...allocationnumber \count 1#1\global #3#5
                                                  \allocationnumber \wlog {\...
l.1001 \newcount{\@authorcount}
                               
A number should have been here; I inserted `0'.
(If you can't figure out why I needed to see a number,
look up `weird error' in the index to The TeXbook.)


! LaTeX Error: Missing \begin{document}.

See the LaTeX manual or LaTeX Companion for explanation.
Type  H <return>  for immediate help.
 ...                                              
                                                  
\GenericError  ...                                
                                                  \endgroup 
<inserted text> 
                \special {src:1001C:/Users/Ethan/Documents/College/2013-01 S...
<to be read again> 
                   a
<argument> \@a
              uthorcount
\alloc@ ...allocationnumber \count 1#1\global #3#5
                                                  \allocationnumber \wlog {\...
l.1001 \newcount{\@authorcount}
                               
You're in trouble here.  Try typing  <return>  to proceed.
If that doesn't work, type  X <return>  to quit.

! Missing number, treated as zero.
<to be read again> 
                   \immediate 
\wlog ->\immediate 
                   \write \m@ne 
\alloc@ ...1#1\global #3#5\allocationnumber \wlog 
                                                  {\string #5=\string #2\the...
l.1001 \newcount{\@authorcount}
                               
A number should have been here; I inserted `0'.
(If you can't figure out why I needed to see a number,
look up `weird error' in the index to The TeXbook.)

\@authorcount=\count0
! Missing number, treated as zero.
<to be read again> 
                   t
<argument> \@t
              itlenotecount
\alloc@ ...allocationnumber \count 1#1\global #3#5
                                                  \allocationnumber \wlog {\...
l.1003 \newcount{\@titlenotecount}
                                  
A number should have been here; I inserted `0'.
(If you can't figure out why I needed to see a number,
look up `weird error' in the index to The TeXbook.)


! LaTeX Error: Missing \begin{document}.

See the LaTeX manual or LaTeX Companion for explanation.
Type  H <return>  for immediate help.
 ...                                              
                                                  
\GenericError  ...                                
                                                  \endgroup 
<inserted text> 
                \special {src:1003C:/Users/Ethan/Documents/College/2013-01 S...
<to be read again> 
                   t
<argument> \@t
              itlenotecount
\alloc@ ...allocationnumber \count 1#1\global #3#5
                                                  \allocationnumber \wlog {\...
l.1003 \newcount{\@titlenotecount}
                                  
You're in trouble here.  Try typing  <return>  to proceed.
If that doesn't work, type  X <return>  to quit.

! Missing number, treated as zero.
<to be read again> 
                   \immediate 
\wlog ->\immediate 
                   \write \m@ne 
\alloc@ ...1#1\global #3#5\allocationnumber \wlog 
                                                  {\string #5=\string #2\the...
l.1003 \newcount{\@titlenotecount}
                                  
A number should have been here; I inserted `0'.
(If you can't figure out why I needed to see a number,
look up `weird error' in the index to The TeXbook.)

\@titlenotecount=\count0
! Missing number, treated as zero.
<to be read again> 
                   t
<argument> \@t
              itlenotetext
\alloc@ ...allocationnumber \count 1#1\global #3#5
                                                  \allocationnumber \wlog {\...
l.1004 \newtoks{\@titlenotetext}
                                
A number should have been here; I inserted `0'.
(If you can't figure out why I needed to see a number,
look up `weird error' in the index to The TeXbook.)

! Missing number, treated as zero.
<to be read again> 
                   \immediate 
\wlog ->\immediate 
                   \write \m@ne 
\alloc@ ...1#1\global #3#5\allocationnumber \wlog 
                                                  {\string #5=\string #2\the...
l.1004 \newtoks{\@titlenotetext}
                                
A number should have been here; I inserted `0'.
(If you can't figure out why I needed to see a number,
look up `weird error' in the index to The TeXbook.)

\@titlenotetext=\toks0
! Missing number, treated as zero.
<to be read again> 
                   f
<argument> \@f
              nmark
\alloc@ ...allocationnumber \count 1#1\global #3#5
                                                  \allocationnumber \wlog {\...
l.1117 \newtoks{\@fnmark}
                         
A number should have been here; I inserted `0'.
(If you can't figure out why I needed to see a number,
look up `weird error' in the index to The TeXbook.)


! LaTeX Error: Missing \begin{document}.

See the LaTeX manual or LaTeX Companion for explanation.
Type  H <return>  for immediate help.
 ...                                              
                                                  
\GenericError  ...                                
                                                  \endgroup 
<inserted text> 
                \special {src:1117C:/Users/Ethan/Documents/College/2013-01 S...
<to be read again> 
                   f
<argument> \@f
              nmark
\alloc@ ...allocationnumber \count 1#1\global #3#5
                                                  \allocationnumber \wlog {\...
l.1117 \newtoks{\@fnmark}
                         
You're in trouble here.  Try typing  <return>  to proceed.
If that doesn't work, type  X <return>  to quit.

! Missing number, treated as zero.
<to be read again> 
                   \immediate 
\wlog ->\immediate 
                   \write \m@ne 
\alloc@ ...1#1\global #3#5\allocationnumber \wlog 
                                                  {\string #5=\string #2\the...
l.1117 \newtoks{\@fnmark}
                         
A number should have been here; I inserted `0'.
(If you can't figure out why I needed to see a number,
look up `weird error' in the index to The TeXbook.)

\@fnmark=\toks0
! Missing number, treated as zero.
<to be read again> 
                   a
<argument> \@a
              uthori
\alloc@ ...allocationnumber \count 1#1\global #3#5
                                                  \allocationnumber \wlog {\...
l.1137 \newcount{\@authori}
                           
A number should have been here; I inserted `0'.
(If you can't figure out why I needed to see a number,
look up `weird error' in the index to The TeXbook.)


! LaTeX Error: Missing \begin{document}.

See the LaTeX manual or LaTeX Companion for explanation.
Type  H <return>  for immediate help.
 ...                                              
                                                  
\GenericError  ...                                
                                                  \endgroup 
<inserted text> 
                \special {src:1137C:/Users/Ethan/Documents/College/2013-01 S...
<to be read again> 
                   a
<argument> \@a
              uthori
\alloc@ ...allocationnumber \count 1#1\global #3#5
                                                  \allocationnumber \wlog {\...
l.1137 \newcount{\@authori}
                           
You're in trouble here.  Try typing  <return>  to proceed.
If that doesn't work, type  X <return>  to quit.

! Missing number, treated as zero.
<to be read again> 
                   \immediate 
\wlog ->\immediate 
                   \write \m@ne 
\alloc@ ...1#1\global #3#5\allocationnumber \wlog 
                                                  {\string #5=\string #2\the...
l.1137 \newcount{\@authori}
                           
A number should have been here; I inserted `0'.
(If you can't figure out why I needed to see a number,
look up `weird error' in the index to The TeXbook.)

\@authori=\count0
! Missing number, treated as zero.
<to be read again> 
                   m
<argument> \@m
              easbox
\alloc@ ...allocationnumber \count 1#1\global #3#5
                                                  \allocationnumber \wlog {\...
l.1174 \newbox{\@measbox}
                         
A number should have been here; I inserted `0'.
(If you can't figure out why I needed to see a number,
look up `weird error' in the index to The TeXbook.)


! LaTeX Error: Missing \begin{document}.

See the LaTeX manual or LaTeX Companion for explanation.
Type  H <return>  for immediate help.
 ...                                              
                                                  
\GenericError  ...                                
                                                  \endgroup 
<inserted text> 
                \special {src:1174C:/Users/Ethan/Documents/College/2013-01 S...
<to be read again> 
                   m
<argument> \@m
              easbox
\alloc@ ...allocationnumber \count 1#1\global #3#5
                                                  \allocationnumber \wlog {\...
l.1174 \newbox{\@measbox}
                         
You're in trouble here.  Try typing  <return>  to proceed.
If that doesn't work, type  X <return>  to quit.

! Missing number, treated as zero.
<to be read again> 
                   \immediate 
\wlog ->\immediate 
                   \write \m@ne 
\alloc@ ...1#1\global #3#5\allocationnumber \wlog 
                                                  {\string #5=\string #2\the...
l.1174 \newbox{\@measbox}
                         
A number should have been here; I inserted `0'.
(If you can't figure out why I needed to see a number,
look up `weird error' in the index to The TeXbook.)

\@measbox=\box0
)
! Emergency stop.
<*> sigplanconf.cls
                   
*** (job aborted, no legal \end found)

 
Here is how much of TeX's memory you used:
 261 strings out of 493922
 2937 string characters out of 3147305
 54919 words of memory out of 3000000
 3645 multiletter control sequences out of 15000+200000
 3640 words of font info for 14 fonts, out of 3000000 for 9000
 841 hyphenation exceptions out of 8191
 23i,4n,19p,143b,117s stack positions out of 5000i,500n,10000p,200000b,50000s
Output written on sigplanconf.dvi (1 page, 512 bytes).
